Build started 6/6/2017 12:10:40 PM.
     1>Project "C:\Users\CCSDuser\Desktop\CCSD\PRG422\PRG422\InClassTutorial.vcxproj" on node 2 (Build target(s)).
     1>ClCompile:
         C:\Program Files (x86)\Microsoft Visual Studio 11.0\VC\bin\CL.exe /c /ZI /nologo /W3 /WX- /Od /Oy- /D _CRT_SECURE_NO_WARNINGS /D _MBCS /Gm /EHsc /RTC1 /MDd /GS /fp:precise /Zc:wchar_t /Zc:forScope /Fo"Debug\\" /Fd"Debug\vc110.pdb" /Gd /TP /analyze- /errorReport:prompt Legacy.cpp Source.cpp UnitTest.cpp
         Legacy.cpp
     1>c:\users\ccsduser\desktop\ccsd\prg422\prg422\legacy.cpp(44): warning C4101: 'myArray' : unreferenced local variable
         Generating Code...
         Skipping... (no relevant changes detected)
         UnitTest.cpp
         Source.cpp
       Link:
         C:\Program Files (x86)\Microsoft Visual Studio 11.0\VC\bin\link.exe /ERRORREPORT:PROMPT /OUT:"C:\Users\CCSDuser\Desktop\CCSD\PRG422\PRG422\Debug\InClassTutorial.exe" /INCREMENTAL /NOLOGO kernel32.lib user32.lib gdi32.lib winspool.lib comdlg32.lib advapi32.lib shell32.lib ole32.lib oleaut32.lib uuid.lib odbc32.lib odbccp32.lib /MANIFEST /MANIFESTUAC:"level='asInvoker' uiAccess='false'" /manifest:embed /DEBUG /PDB:"C:\Users\CCSDuser\Desktop\CCSD\PRG422\PRG422\Debug\InClassTutorial.pdb" /TLBID:1 /DYNAMICBASE /NXCOMPAT /IMPLIB:"C:\Users\CCSDuser\Desktop\CCSD\PRG422\PRG422\Debug\InClassTutorial.lib" /MACHINE:X86 Debug\A.obj
         Debug\Assignment01.obj
         Debug\Legacy.obj
         Debug\Source.obj
         Debug\String.obj
         Debug\Student.obj
         Debug\UnitTest.obj
         Debug\Utilities.obj
         Debug\Vector.obj
         Debug\VectorChar.obj
         InClassTutorial.vcxproj -> C:\Users\CCSDuser\Desktop\CCSD\PRG422\PRG422\Debug\InClassTutorial.exe
     1>Done Building Project "C:\Users\CCSDuser\Desktop\CCSD\PRG422\PRG422\InClassTutorial.vcxproj" (Build target(s)).

Build succeeded.

Time Elapsed 00:00:01.10
