C:\USERS\CCSDUSER\DESKTOP\CCSD\PRG422\PRG422\DEBUG\A.OBJ
C:\USERS\CCSDUSER\DESKTOP\CCSD\PRG422\PRG422\DEBUG\ASSIGNMENT01.OBJ
C:\USERS\CCSDUSER\DESKTOP\CCSD\PRG422\PRG422\DEBUG\STUDENT.OBJ
C:\USERS\CCSDUSER\DESKTOP\CCSD\PRG422\PRG422\DEBUG\UNITTEST.OBJ
C:\USERS\CCSDUSER\DESKTOP\CCSD\PRG422\PRG422\DEBUG\UTILITIES.OBJ
C:\USERS\CCSDUSER\DESKTOP\CCSD\PRG422\PRG422\DEBUG\VC110.PDB
C:\USERS\CCSDUSER\DESKTOP\CCSD\PRG422\PRG422\DEBUG\SOURCE.OBJ
C:\USERS\CCSDUSER\DESKTOP\CCSD\PRG422\PRG422\DEBUG\INCLASSTUTORIAL.ILK
C:\USERS\CCSDUSER\DESKTOP\CCSD\PRG422\PRG422\DEBUG\INCLASSTUTORIAL.EXE
C:\USERS\CCSDUSER\DESKTOP\CCSD\PRG422\PRG422\DEBUG\INCLASSTUTORIAL.PDB
C:\Users\CCSDuser\Desktop\CCSD\PRG422\PRG422\Debug\A.obj
C:\Users\CCSDuser\Desktop\CCSD\PRG422\PRG422\Debug\Assignment01.obj
C:\Users\CCSDuser\Desktop\CCSD\PRG422\PRG422\Debug\Source.obj
C:\Users\CCSDuser\Desktop\CCSD\PRG422\PRG422\Debug\Student.obj
C:\Users\CCSDuser\Desktop\CCSD\PRG422\PRG422\Debug\UnitTest.obj
C:\Users\CCSDuser\Desktop\CCSD\PRG422\PRG422\Debug\Utilities.obj
C:\Users\CCSDuser\Desktop\CCSD\PRG422\PRG422\Debug\InClassTutorial.ilk
C:\Users\CCSDuser\Desktop\CCSD\PRG422\PRG422\Debug\cl.command.1.tlog
C:\Users\CCSDuser\Desktop\CCSD\PRG422\PRG422\Debug\CL.read.1.tlog
C:\Users\CCSDuser\Desktop\CCSD\PRG422\PRG422\Debug\CL.write.1.tlog
C:\Users\CCSDuser\Desktop\CCSD\PRG422\PRG422\Debug\link-cvtres.read.1.tlog
C:\Users\CCSDuser\Desktop\CCSD\PRG422\PRG422\Debug\link-cvtres.write.1.tlog
C:\Users\CCSDuser\Desktop\CCSD\PRG422\PRG422\Debug\link-rc.read.1.tlog
C:\Users\CCSDuser\Desktop\CCSD\PRG422\PRG422\Debug\link-rc.write.1.tlog
C:\Users\CCSDuser\Desktop\CCSD\PRG422\PRG422\Debug\link.command.1.tlog
C:\Users\CCSDuser\Desktop\CCSD\PRG422\PRG422\Debug\link.read.1.tlog
C:\Users\CCSDuser\Desktop\CCSD\PRG422\PRG422\Debug\link.write.1.tlog
C:\Users\CCSDuser\Desktop\CCSD\PRG422\PRG422\Debug\vc110.idb
C:\Users\CCSDuser\Desktop\CCSD\PRG422\PRG422\Debug\InClassTutorial.pdb
C:\Users\CCSDuser\Desktop\CCSD\PRG422\PRG422\Debug\vc110.pdb
C:\Users\CCSDuser\Desktop\CCSD\PRG422\PRG422\Debug\InClassTutorial.exe
